Using pre-set license
Built from '2020.3/staging' branch; Version is '2020.3.9f1 (108be757e447) revision 1084391'; Using compiler version '192528614'; Build Type 'Release'
OS: 'Windows 10 Home Single Language; OS build 19042.985; Version 2009; 64bit' Language: 'en' Physical Memory: 16221 MB
BatchMode: 1, IsHumanControllingUs: 0, StartBugReporterOnCrash: 0, Is64bit: 1, IsPro: 0

 COMMAND LINE ARGUMENTS:
C:\Program Files\Unity\Hub\Editor\2020.3.9f1\Editor\Unity.exe
-adb2
-batchMode
-noUpm
-name
AssetImportWorker0
-projectPath
C:/Users/Nitro/Desktop/Misc/Unity/3DTPS-AEV
-logFile
Logs/AssetImportWorker0.log
-srvPort
54737
Successfully changed project path to: C:/Users/Nitro/Desktop/Misc/Unity/3DTPS-AEV
C:/Users/Nitro/Desktop/Misc/Unity/3DTPS-AEV
Using Asset Import Pipeline V2.
Refreshing native plugins compatible for Editor in 41.40 ms, found 0 plugins.
Preloading 0 native plugins for Editor in 0.00 ms.
Initialize engine version: 2020.3.9f1 (108be757e447)
[Subsystems] Discovering subsystems at path C:/Program Files/Unity/Hub/Editor/2020.3.9f1/Editor/Data/Resources/UnitySubsystems
[Subsystems] Discovering subsystems at path C:/Users/Nitro/Desktop/Misc/Unity/3DTPS-AEV/Assets
GfxDevice: creating device client; threaded=0
Direct3D:
    Version:  Direct3D 11.0 [level 11.1]
    Renderer: NVIDIA GeForce GTX 1650 (ID=0x1f91)
    Vendor:   
    VRAM:     3962 MB
    Driver:   27.21.14.6647
Initialize mono
Mono path[0] = 'C:/Program Files/Unity/Hub/Editor/2020.3.9f1/Editor/Data/Managed'
Mono path[1] = 'C:/Program Files/Unity/Hub/Editor/2020.3.9f1/Editor/Data/MonoBleedingEdge/lib/mono/unityjit'
Mono config path = 'C:/Program Files/Unity/Hub/Editor/2020.3.9f1/Editor/Data/MonoBleedingEdge/etc'
Using monoOptions --debugger-agent=transport=dt_socket,embedding=1,server=y,suspend=n,address=127.0.0.1:56472
Begin MonoManager ReloadAssembly
Registering precompiled unity dll's ...
Register platform support module: C:/Program Files/Unity/Hub/Editor/2020.3.9f1/Editor/Data/PlaybackEngines/WindowsStandaloneSupport/UnityEditor.WindowsStandalone.Extensions.dll
Registered in 0.002657 seconds.
Native extension for WindowsStandalone target not found
Refreshing native plugins compatible for Editor in 42.01 ms, found 0 plugins.
Preloading 0 native plugins for Editor in 0.00 ms.
Mono: successfully reloaded assembly
- Completed reload, in  1.457 seconds
Platform modules already initialized, skipping
Registering precompiled user dll's ...
Registered in 0.001392 seconds.
Begin MonoManager ReloadAssembly
Native extension for WindowsStandalone target not found
Refreshing native plugins compatible for Editor in 0.63 ms, found 0 plugins.
Preloading 0 native plugins for Editor in 0.00 ms.
Mono: successfully reloaded assembly
- Completed reload, in  1.782 seconds
Platform modules already initialized, skipping
========================================================================
Worker process is ready to serve import requests
Launched and connected shader compiler UnityShaderCompiler.exe after 0.11 seconds
Refreshing native plugins compatible for Editor in 0.49 ms, found 0 plugins.
Preloading 0 native plugins for Editor in 0.00 ms.
Unloading 1669 Unused Serialized files (Serialized files now loaded: 0)
System memory in use before: 94.8 MB.
System memory in use after: 94.8 MB.

Unloading 12 unused Assets to reduce memory usage. Loaded Objects now: 2127.
Total: 3.554400 ms (FindLiveObjects: 0.275000 ms CreateObjectMapping: 0.110200 ms MarkObjects: 2.907200 ms  DeleteObjects: 0.260500 ms)

========================================================================
Received Import Request.
  path: Assets/PolygonStarter/Models/Collision/SM_Buildings_Block_1x1_01.fbx
  artifactKey: Guid(caed417d0c17a134696ff2ef8b52a764) Importer(815301076,1909f56bfc062723c751e8b465ee728b)
Start importing Assets/PolygonStarter/Models/Collision/SM_Buildings_Block_1x1_01.fbx using Guid(caed417d0c17a134696ff2ef8b52a764) Importer(815301076,1909f56bfc062723c751e8b465ee728b)  -> (artifact id: '77d84aba5a670811b5ef094e6175da75') in 0.197091 seconds
  Import took 0.201233 seconds .

========================================================================
Received Import Request.
  Time since last request: 0.000234 seconds.
  path: Assets/PolygonStarter/Models/Collision/SM_Buildings_Stairs_1x1_01.fbx
  artifactKey: Guid(68472b6ee0a878143b1d10804a97dd75) Importer(815301076,1909f56bfc062723c751e8b465ee728b)
Start importing Assets/PolygonStarter/Models/Collision/SM_Buildings_Stairs_1x1_01.fbx using Guid(68472b6ee0a878143b1d10804a97dd75) Importer(815301076,1909f56bfc062723c751e8b465ee728b)  -> (artifact id: '5e78e20f2900cccf85f27fbeb17416c9') in 0.048538 seconds
  Import took 0.052497 seconds .

========================================================================
Received Import Request.
  Time since last request: 0.000308 seconds.
  path: Assets/PolygonStarter/Models/Collision/SM_Buildings_WallDoor_2x3_01.fbx
  artifactKey: Guid(3316d1e99a707354a8f7b236cf8726a8) Importer(815301076,1909f56bfc062723c751e8b465ee728b)
Start importing Assets/PolygonStarter/Models/Collision/SM_Buildings_WallDoor_2x3_01.fbx using Guid(3316d1e99a707354a8f7b236cf8726a8) Importer(815301076,1909f56bfc062723c751e8b465ee728b)  -> (artifact id: '1bb479d46036ed94e3adc4b4df823cc7') in 0.016822 seconds
  Import took 0.020682 seconds .

========================================================================
Received Import Request.
  Time since last request: 0.000224 seconds.
  path: Assets/PolygonStarter/Models/Collision/SM_Primitive_Sphere_02.fbx
  artifactKey: Guid(e8ba51a934eb276468729107e5d3143f) Importer(815301076,1909f56bfc062723c751e8b465ee728b)
Start importing Assets/PolygonStarter/Models/Collision/SM_Primitive_Sphere_02.fbx using Guid(e8ba51a934eb276468729107e5d3143f) Importer(815301076,1909f56bfc062723c751e8b465ee728b)  -> (artifact id: '63900c84356d11b0a1ff9e673389dc41') in 0.019160 seconds
  Import took 0.024321 seconds .

========================================================================
Received Import Request.
  Time since last request: 0.000438 seconds.
  path: Assets/PolygonStarter/Models/Collision/SM_Buildings_Column_2x3_01.fbx
  artifactKey: Guid(b45e496b386039141af15f243dd3ac22) Importer(815301076,1909f56bfc062723c751e8b465ee728b)
Start importing Assets/PolygonStarter/Models/Collision/SM_Buildings_Column_2x3_01.fbx using Guid(b45e496b386039141af15f243dd3ac22) Importer(815301076,1909f56bfc062723c751e8b465ee728b)  -> (artifact id: 'aa33020f2571bf98fec308db6dd36c88') in 0.018910 seconds
  Import took 0.023000 seconds .

========================================================================
Received Import Request.
  Time since last request: 0.000518 seconds.
  path: Assets/PolygonStarter/Models/Collision/SM_Buildings_WallWindow_2x3_01.fbx
  artifactKey: Guid(c61783dd79ffb5443ac65c3892395ad7) Importer(815301076,1909f56bfc062723c751e8b465ee728b)
Start importing Assets/PolygonStarter/Models/Collision/SM_Buildings_WallWindow_2x3_01.fbx using Guid(c61783dd79ffb5443ac65c3892395ad7) Importer(815301076,1909f56bfc062723c751e8b465ee728b)  -> (artifact id: '05b3b1d129300c5aba63eba83c4baf38') in 0.021645 seconds
  Import took 0.025152 seconds .

========================================================================
Received Import Request.
  Time since last request: 0.000274 seconds.
  path: Assets/PolygonStarter/Models/Collision/SM_Buildings_Stairs_1x3_01.fbx
  artifactKey: Guid(7ce50dc06d7bb62448b532080fd35371) Importer(815301076,1909f56bfc062723c751e8b465ee728b)
Start importing Assets/PolygonStarter/Models/Collision/SM_Buildings_Stairs_1x3_01.fbx using Guid(7ce50dc06d7bb62448b532080fd35371) Importer(815301076,1909f56bfc062723c751e8b465ee728b)  -> (artifact id: '02eeaa98d6342fa853deaaa690faaa99') in 0.029985 seconds
  Import took 0.035814 seconds .

========================================================================
Received Import Request.
  Time since last request: 0.000196 seconds.
  path: Assets/PolygonStarter/Models/Collision/SM_Primitive_Cone_02.fbx
  artifactKey: Guid(cace0b4260176de46b5ca288f5d42e32) Importer(815301076,1909f56bfc062723c751e8b465ee728b)
Start importing Assets/PolygonStarter/Models/Collision/SM_Primitive_Cone_02.fbx using Guid(cace0b4260176de46b5ca288f5d42e32) Importer(815301076,1909f56bfc062723c751e8b465ee728b)  -> (artifact id: '950052c36d13fa3e8aabaaeb619bef7f') in 0.022722 seconds
  Import took 0.026773 seconds .

========================================================================
Received Import Request.
  Time since last request: 0.000296 seconds.
  path: Assets/PolygonStarter/Models/Collision/SM_Buildings_Ramp_25_1x1_01.fbx
  artifactKey: Guid(489a905ef5c877d4a8e6f9fb1f7f55e5) Importer(815301076,1909f56bfc062723c751e8b465ee728b)
Start importing Assets/PolygonStarter/Models/Collision/SM_Buildings_Ramp_25_1x1_01.fbx using Guid(489a905ef5c877d4a8e6f9fb1f7f55e5) Importer(815301076,1909f56bfc062723c751e8b465ee728b)  -> (artifact id: '267c2f36f7838e468c95d0f2e49bc5cc') in 0.020175 seconds
  Import took 0.024023 seconds .

========================================================================
Received Import Request.
  Time since last request: 0.000297 seconds.
  path: Assets/PolygonStarter/Models/Collision/SM_Buildings_Floor_1x1_01.fbx
  artifactKey: Guid(bef96b6e1cd37444fa6937ae99361014) Importer(815301076,1909f56bfc062723c751e8b465ee728b)
Start importing Assets/PolygonStarter/Models/Collision/SM_Buildings_Floor_1x1_01.fbx using Guid(bef96b6e1cd37444fa6937ae99361014) Importer(815301076,1909f56bfc062723c751e8b465ee728b)  -> (artifact id: '507e1f7cf13011b4146491c0aebab047') in 0.015741 seconds
  Import took 0.019452 seconds .

========================================================================
Received Import Request.
  Time since last request: 0.000306 seconds.
  path: Assets/PolygonStarter/Models/Collision/SM_Buildings_DoorFrame_01.fbx
  artifactKey: Guid(c7bd79f25c690294f893f8905d2264f5) Importer(815301076,1909f56bfc062723c751e8b465ee728b)
Start importing Assets/PolygonStarter/Models/Collision/SM_Buildings_DoorFrame_01.fbx using Guid(c7bd79f25c690294f893f8905d2264f5) Importer(815301076,1909f56bfc062723c751e8b465ee728b)  -> (artifact id: '0fc7eb5e79ee5f0ab69d0efa3a6251cc') in 0.020213 seconds
  Import took 0.025797 seconds .

========================================================================
Received Import Request.
  Time since last request: 0.000260 seconds.
  path: Assets/PolygonStarter/Models/Collision/SM_PolygonApocalypse_Bld_House_01_Collision.fbx
  artifactKey: Guid(078a8d5463c9e294fa6b62999ab84a06) Importer(815301076,1909f56bfc062723c751e8b465ee728b)
Start importing Assets/PolygonStarter/Models/Collision/SM_PolygonApocalypse_Bld_House_01_Collision.fbx using Guid(078a8d5463c9e294fa6b62999ab84a06) Importer(815301076,1909f56bfc062723c751e8b465ee728b)  -> (artifact id: '805723ed997ab2d8c4fbb845891461dc') in 0.017185 seconds
  Import took 0.020880 seconds .

========================================================================
Received Import Request.
  Time since last request: 0.000222 seconds.
  path: Assets/PolygonStarter/Models/Collision/SM_Primitive_Cylander_02.fbx
  artifactKey: Guid(d4310e8ff3695464cad536592578913c) Importer(815301076,1909f56bfc062723c751e8b465ee728b)
Start importing Assets/PolygonStarter/Models/Collision/SM_Primitive_Cylander_02.fbx using Guid(d4310e8ff3695464cad536592578913c) Importer(815301076,1909f56bfc062723c751e8b465ee728b)  -> (artifact id: 'cb2996f8c5a451c1e11558e3202aaf1a') in 0.014631 seconds
  Import took 0.018533 seconds .

========================================================================
Received Import Request.
  Time since last request: 13.660431 seconds.
  path: Assets/Prefabs/Player.prefab
  artifactKey: Guid(dd8b2662574b49a4a92d2f5bc20ccf5a) Importer(815301076,1909f56bfc062723c751e8b465ee728b)
Start importing Assets/Prefabs/Player.prefab using Guid(dd8b2662574b49a4a92d2f5bc20ccf5a) Importer(815301076,1909f56bfc062723c751e8b465ee728b)  -> (artifact id: '4e90f4ade1b1dfc976f4c86ef546bbb0') in 0.147580 seconds
  Import took 0.151914 seconds .

========================================================================
Received Prepare
Registering precompiled user dll's ...
Registered in 0.001502 seconds.
Begin MonoManager ReloadAssembly
Native extension for WindowsStandalone target not found
Refreshing native plugins compatible for Editor in 0.31 ms, found 0 plugins.
Preloading 0 native plugins for Editor in 0.00 ms.
Mono: successfully reloaded assembly
- Completed reload, in  1.309 seconds
Platform modules already initialized, skipping
Refreshing native plugins compatible for Editor in 0.29 ms, found 0 plugins.
Preloading 0 native plugins for Editor in 0.00 ms.
Unloading 1659 Unused Serialized files (Serialized files now loaded: 0)
System memory in use before: 111.2 MB.
System memory in use after: 111.3 MB.

Unloading 8 unused Assets to reduce memory usage. Loaded Objects now: 2141.
Total: 2.298100 ms (FindLiveObjects: 0.238700 ms CreateObjectMapping: 0.106400 ms MarkObjects: 1.868700 ms  DeleteObjects: 0.082700 ms)

========================================================================
Received Prepare
Registering precompiled user dll's ...
Registered in 0.002206 seconds.
Begin MonoManager ReloadAssembly
Native extension for WindowsStandalone target not found
Refreshing native plugins compatible for Editor in 0.34 ms, found 0 plugins.
Preloading 0 native plugins for Editor in 0.00 ms.
Mono: successfully reloaded assembly
- Completed reload, in  1.252 seconds
Platform modules already initialized, skipping
Refreshing native plugins compatible for Editor in 0.29 ms, found 0 plugins.
Preloading 0 native plugins for Editor in 0.00 ms.
Unloading 1659 Unused Serialized files (Serialized files now loaded: 0)
System memory in use before: 111.3 MB.
System memory in use after: 111.4 MB.

Unloading 7 unused Assets to reduce memory usage. Loaded Objects now: 2144.
Total: 2.026400 ms (FindLiveObjects: 0.157500 ms CreateObjectMapping: 0.053700 ms MarkObjects: 1.738200 ms  DeleteObjects: 0.076100 ms)

========================================================================
Received Prepare
Registering precompiled user dll's ...
Registered in 0.001598 seconds.
Begin MonoManager ReloadAssembly
Native extension for WindowsStandalone target not found
Refreshing native plugins compatible for Editor in 0.45 ms, found 0 plugins.
Preloading 0 native plugins for Editor in 0.00 ms.
Mono: successfully reloaded assembly
- Completed reload, in  2.188 seconds
Platform modules already initialized, skipping
Refreshing native plugins compatible for Editor in 1.09 ms, found 0 plugins.
Preloading 0 native plugins for Editor in 0.00 ms.
Unloading 1659 Unused Serialized files (Serialized files now loaded: 0)
System memory in use before: 111.3 MB.
System memory in use after: 111.4 MB.

Unloading 7 unused Assets to reduce memory usage. Loaded Objects now: 2147.
Total: 1.929300 ms (FindLiveObjects: 0.170000 ms CreateObjectMapping: 0.059400 ms MarkObjects: 1.617400 ms  DeleteObjects: 0.081200 ms)

========================================================================
Received Prepare
Registering precompiled user dll's ...
Registered in 0.001716 seconds.
Begin MonoManager ReloadAssembly
Native extension for WindowsStandalone target not found
Refreshing native plugins compatible for Editor in 2.84 ms, found 0 plugins.
Preloading 0 native plugins for Editor in 0.00 ms.
Mono: successfully reloaded assembly
- Completed reload, in  1.382 seconds
Platform modules already initialized, skipping
Refreshing native plugins compatible for Editor in 0.32 ms, found 0 plugins.
Preloading 0 native plugins for Editor in 0.00 ms.
Unloading 1659 Unused Serialized files (Serialized files now loaded: 0)
System memory in use before: 111.3 MB.
System memory in use after: 111.4 MB.

Unloading 7 unused Assets to reduce memory usage. Loaded Objects now: 2150.
Total: 2.318400 ms (FindLiveObjects: 0.164000 ms CreateObjectMapping: 0.056700 ms MarkObjects: 2.022800 ms  DeleteObjects: 0.073600 ms)

========================================================================
Received Prepare
Registering precompiled user dll's ...
Registered in 0.002010 seconds.
Begin MonoManager ReloadAssembly
Native extension for WindowsStandalone target not found
Refreshing native plugins compatible for Editor in 0.67 ms, found 0 plugins.
Preloading 0 native plugins for Editor in 0.00 ms.
Mono: successfully reloaded assembly
- Completed reload, in  1.187 seconds
Platform modules already initialized, skipping
Refreshing native plugins compatible for Editor in 0.30 ms, found 0 plugins.
Preloading 0 native plugins for Editor in 0.00 ms.
Unloading 1659 Unused Serialized files (Serialized files now loaded: 0)
System memory in use before: 111.3 MB.
System memory in use after: 111.4 MB.

Unloading 7 unused Assets to reduce memory usage. Loaded Objects now: 2153.
Total: 2.108600 ms (FindLiveObjects: 0.160900 ms CreateObjectMapping: 0.056500 ms MarkObjects: 1.816900 ms  DeleteObjects: 0.073100 ms)

========================================================================
Received Prepare
Registering precompiled user dll's ...
Registered in 0.001345 seconds.
Begin MonoManager ReloadAssembly
Native extension for WindowsStandalone target not found
Refreshing native plugins compatible for Editor in 0.66 ms, found 0 plugins.
Preloading 0 native plugins for Editor in 0.00 ms.
Mono: successfully reloaded assembly
- Completed reload, in  1.309 seconds
Platform modules already initialized, skipping
Refreshing native plugins compatible for Editor in 0.55 ms, found 0 plugins.
Preloading 0 native plugins for Editor in 0.00 ms.
Unloading 1659 Unused Serialized files (Serialized files now loaded: 0)
System memory in use before: 111.3 MB.
System memory in use after: 111.4 MB.

Unloading 7 unused Assets to reduce memory usage. Loaded Objects now: 2156.
Total: 2.525200 ms (FindLiveObjects: 0.183400 ms CreateObjectMapping: 0.070100 ms MarkObjects: 2.183900 ms  DeleteObjects: 0.086200 ms)

========================================================================
Received Prepare
Registering precompiled user dll's ...
Registered in 0.001805 seconds.
Begin MonoManager ReloadAssembly
Native extension for WindowsStandalone target not found
Refreshing native plugins compatible for Editor in 0.32 ms, found 0 plugins.
Preloading 0 native plugins for Editor in 0.00 ms.
Mono: successfully reloaded assembly
- Completed reload, in  1.231 seconds
Platform modules already initialized, skipping
Refreshing native plugins compatible for Editor in 0.30 ms, found 0 plugins.
Preloading 0 native plugins for Editor in 0.00 ms.
Unloading 1659 Unused Serialized files (Serialized files now loaded: 0)
System memory in use before: 111.3 MB.
System memory in use after: 111.4 MB.

Unloading 7 unused Assets to reduce memory usage. Loaded Objects now: 2159.
Total: 2.056500 ms (FindLiveObjects: 0.166200 ms CreateObjectMapping: 0.062200 ms MarkObjects: 1.754500 ms  DeleteObjects: 0.072300 ms)

========================================================================
Received Prepare
Registering precompiled user dll's ...
Registered in 0.018273 seconds.
Begin MonoManager ReloadAssembly
Native extension for WindowsStandalone target not found
Refreshing native plugins compatible for Editor in 0.30 ms, found 0 plugins.
Preloading 0 native plugins for Editor in 0.00 ms.
Mono: successfully reloaded assembly
- Completed reload, in  1.320 seconds
Platform modules already initialized, skipping
Refreshing native plugins compatible for Editor in 0.64 ms, found 0 plugins.
Preloading 0 native plugins for Editor in 0.00 ms.
Unloading 1659 Unused Serialized files (Serialized files now loaded: 0)
System memory in use before: 111.3 MB.
System memory in use after: 111.4 MB.

Unloading 7 unused Assets to reduce memory usage. Loaded Objects now: 2162.
Total: 60.430400 ms (FindLiveObjects: 0.512400 ms CreateObjectMapping: 0.135700 ms MarkObjects: 59.065100 ms  DeleteObjects: 0.714700 ms)

========================================================================
Received Prepare
Registering precompiled user dll's ...
Registered in 0.001395 seconds.
Begin MonoManager ReloadAssembly
Native extension for WindowsStandalone target not found
Refreshing native plugins compatible for Editor in 0.34 ms, found 0 plugins.
Preloading 0 native plugins for Editor in 0.00 ms.
Mono: successfully reloaded assembly
- Completed reload, in  1.564 seconds
Platform modules already initialized, skipping
Refreshing native plugins compatible for Editor in 0.44 ms, found 0 plugins.
Preloading 0 native plugins for Editor in 0.00 ms.
Unloading 1659 Unused Serialized files (Serialized files now loaded: 0)
System memory in use before: 111.3 MB.
System memory in use after: 111.4 MB.

Unloading 7 unused Assets to reduce memory usage. Loaded Objects now: 2165.
Total: 2.241400 ms (FindLiveObjects: 0.221800 ms CreateObjectMapping: 0.068000 ms MarkObjects: 1.872800 ms  DeleteObjects: 0.077600 ms)

========================================================================
Received Prepare
Registering precompiled user dll's ...
Registered in 0.001883 seconds.
Begin MonoManager ReloadAssembly
Native extension for WindowsStandalone target not found
Refreshing native plugins compatible for Editor in 0.64 ms, found 0 plugins.
Preloading 0 native plugins for Editor in 0.00 ms.
Mono: successfully reloaded assembly
- Completed reload, in  1.608 seconds
Platform modules already initialized, skipping
Refreshing native plugins compatible for Editor in 0.36 ms, found 0 plugins.
Preloading 0 native plugins for Editor in 0.00 ms.
Unloading 1659 Unused Serialized files (Serialized files now loaded: 0)
System memory in use before: 111.3 MB.
System memory in use after: 111.4 MB.

Unloading 7 unused Assets to reduce memory usage. Loaded Objects now: 2168.
Total: 1.916700 ms (FindLiveObjects: 0.159300 ms CreateObjectMapping: 0.054900 ms MarkObjects: 1.627500 ms  DeleteObjects: 0.074100 ms)

========================================================================
Received Prepare
Registering precompiled user dll's ...
Registered in 0.001813 seconds.
Begin MonoManager ReloadAssembly
Native extension for WindowsStandalone target not found
Refreshing native plugins compatible for Editor in 0.34 ms, found 0 plugins.
Preloading 0 native plugins for Editor in 0.00 ms.
Mono: successfully reloaded assembly
- Completed reload, in  1.188 seconds
Platform modules already initialized, skipping
Refreshing native plugins compatible for Editor in 0.65 ms, found 0 plugins.
Preloading 0 native plugins for Editor in 0.00 ms.
Unloading 1659 Unused Serialized files (Serialized files now loaded: 0)
System memory in use before: 111.3 MB.
System memory in use after: 111.4 MB.

Unloading 7 unused Assets to reduce memory usage. Loaded Objects now: 2171.
Total: 1.952500 ms (FindLiveObjects: 0.173800 ms CreateObjectMapping: 0.066600 ms MarkObjects: 1.636100 ms  DeleteObjects: 0.074700 ms)

========================================================================
Received Prepare
Registering precompiled user dll's ...
Registered in 0.002338 seconds.
Begin MonoManager ReloadAssembly
Native extension for WindowsStandalone target not found
Refreshing native plugins compatible for Editor in 0.40 ms, found 0 plugins.
Preloading 0 native plugins for Editor in 0.00 ms.
Mono: successfully reloaded assembly
- Completed reload, in  1.374 seconds
Platform modules already initialized, skipping
Refreshing native plugins compatible for Editor in 0.30 ms, found 0 plugins.
Preloading 0 native plugins for Editor in 0.00 ms.
Unloading 1659 Unused Serialized files (Serialized files now loaded: 0)
System memory in use before: 111.3 MB.
System memory in use after: 111.4 MB.

Unloading 7 unused Assets to reduce memory usage. Loaded Objects now: 2174.
Total: 2.192900 ms (FindLiveObjects: 0.254200 ms CreateObjectMapping: 0.063600 ms MarkObjects: 1.797900 ms  DeleteObjects: 0.075900 ms)

========================================================================
Received Prepare
Registering precompiled user dll's ...
Registered in 0.003508 seconds.
Begin MonoManager ReloadAssembly
Native extension for WindowsStandalone target not found
Refreshing native plugins compatible for Editor in 0.32 ms, found 0 plugins.
Preloading 0 native plugins for Editor in 0.00 ms.
Mono: successfully reloaded assembly
- Completed reload, in  1.354 seconds
Platform modules already initialized, skipping
Refreshing native plugins compatible for Editor in 0.32 ms, found 0 plugins.
Preloading 0 native plugins for Editor in 0.00 ms.
Unloading 1659 Unused Serialized files (Serialized files now loaded: 0)
System memory in use before: 111.4 MB.
System memory in use after: 111.4 MB.

Unloading 7 unused Assets to reduce memory usage. Loaded Objects now: 2177.
Total: 2.270400 ms (FindLiveObjects: 0.173100 ms CreateObjectMapping: 0.064200 ms MarkObjects: 1.954900 ms  DeleteObjects: 0.077100 ms)

========================================================================
Received Prepare
Registering precompiled user dll's ...
Registered in 0.001991 seconds.
Begin MonoManager ReloadAssembly
Native extension for WindowsStandalone target not found
Refreshing native plugins compatible for Editor in 0.61 ms, found 0 plugins.
Preloading 0 native plugins for Editor in 0.00 ms.
Mono: successfully reloaded assembly
- Completed reload, in  1.247 seconds
Platform modules already initialized, skipping
Refreshing native plugins compatible for Editor in 0.31 ms, found 0 plugins.
Preloading 0 native plugins for Editor in 0.00 ms.
Unloading 1659 Unused Serialized files (Serialized files now loaded: 0)
System memory in use before: 111.4 MB.
System memory in use after: 111.4 MB.

Unloading 7 unused Assets to reduce memory usage. Loaded Objects now: 2180.
Total: 2.530600 ms (FindLiveObjects: 0.168500 ms CreateObjectMapping: 0.051500 ms MarkObjects: 2.226400 ms  DeleteObjects: 0.082800 ms)

========================================================================
Received Prepare
Registering precompiled user dll's ...
Registered in 0.013158 seconds.
Begin MonoManager ReloadAssembly
Native extension for WindowsStandalone target not found
Refreshing native plugins compatible for Editor in 0.34 ms, found 0 plugins.
Preloading 0 native plugins for Editor in 0.00 ms.
Mono: successfully reloaded assembly
- Completed reload, in  1.277 seconds
Platform modules already initialized, skipping
Refreshing native plugins compatible for Editor in 0.65 ms, found 0 plugins.
Preloading 0 native plugins for Editor in 0.00 ms.
Unloading 1659 Unused Serialized files (Serialized files now loaded: 0)
System memory in use before: 111.4 MB.
System memory in use after: 111.5 MB.

Unloading 7 unused Assets to reduce memory usage. Loaded Objects now: 2183.
Total: 1.849600 ms (FindLiveObjects: 0.162400 ms CreateObjectMapping: 0.053600 ms MarkObjects: 1.563000 ms  DeleteObjects: 0.069600 ms)

========================================================================
Received Prepare
Registering precompiled user dll's ...
Registered in 0.004371 seconds.
Begin MonoManager ReloadAssembly
Native extension for WindowsStandalone target not found
Refreshing native plugins compatible for Editor in 0.48 ms, found 0 plugins.
Preloading 0 native plugins for Editor in 0.00 ms.
Mono: successfully reloaded assembly
- Completed reload, in  1.279 seconds
Platform modules already initialized, skipping
Refreshing native plugins compatible for Editor in 0.58 ms, found 0 plugins.
Preloading 0 native plugins for Editor in 0.00 ms.
Unloading 1659 Unused Serialized files (Serialized files now loaded: 0)
System memory in use before: 111.4 MB.
System memory in use after: 111.5 MB.

Unloading 7 unused Assets to reduce memory usage. Loaded Objects now: 2186.
Total: 2.235500 ms (FindLiveObjects: 0.180700 ms CreateObjectMapping: 0.060500 ms MarkObjects: 1.915900 ms  DeleteObjects: 0.077000 ms)

========================================================================
Received Prepare
Registering precompiled user dll's ...
Registered in 0.001472 seconds.
Begin MonoManager ReloadAssembly
Native extension for WindowsStandalone target not found
Refreshing native plugins compatible for Editor in 0.31 ms, found 0 plugins.
Preloading 0 native plugins for Editor in 0.00 ms.
Mono: successfully reloaded assembly
- Completed reload, in  1.290 seconds
Platform modules already initialized, skipping
Refreshing native plugins compatible for Editor in 0.29 ms, found 0 plugins.
Preloading 0 native plugins for Editor in 0.00 ms.
Unloading 1659 Unused Serialized files (Serialized files now loaded: 0)
System memory in use before: 111.4 MB.
System memory in use after: 111.5 MB.

Unloading 7 unused Assets to reduce memory usage. Loaded Objects now: 2189.
Total: 2.063000 ms (FindLiveObjects: 0.158800 ms CreateObjectMapping: 0.052100 ms MarkObjects: 1.774800 ms  DeleteObjects: 0.076100 ms)

AssetImportWorkerClient::OnTransportError - code=2 error=End of file
